0 silly argv {
0 silly argv   _: [ 'run' ],
0 silly argv   lernaVersion: '5.4.3',
0 silly argv   '$0': 'node_modules\\lerna\\cli.js',
0 silly argv   script: 'dev'
0 silly argv }
1 notice cli v5.4.3
2 verbose rootPath E:\web\yapackman
3 error JSONError: Unexpected token "<" (0x3C) in JSON at position 283 while parsing near "... \"dependencies\": {\r\n<<<<<<< HEAD\r\n    \"@..." in packages\client\package.json
3 error
3 error [0m [90m 12 |[39m   }[33m,[39m[0m
3 error [0m [90m 13 |[39m   [32m"dependencies"[39m[33m:[39m {[0m
3 error [0m[31m[1m>[22m[39m[90m 14 |[39m [33m<<[39m[33m<<[39m[33m<<[39m[33m<[39m [33mHEAD[39m[0m
3 error [0m [90m    |[39m [31m[1m^[22m[39m[0m
3 error [0m [90m 15 |[39m     [32m"@emotion/react"[39m[33m:[39m [32m"11.10.4"[39m[33m,[39m[0m
3 error [0m [90m 16 |[39m     [32m"@emotion/styled"[39m[33m:[39m [32m"11.10.4"[39m[33m,[39m[0m
3 error [0m [90m 17 |[39m     [32m"@mui/icons-material"[39m[33m:[39m [32m"5.10.3"[39m[33m,[39m[0m
3 error
3 error     at parseJson (E:\web\YaPackman\node_modules\parse-json\index.js:29:21)
3 error     at parse (E:\web\YaPackman\node_modules\load-json-file\index.js:15:9)
3 error     at module.exports (E:\web\YaPackman\node_modules\load-json-file\index.js:18:47)
